Grammar

    0 $accept: Program $end

    1 Program: ExtDefList

    2 ExtDefList: ExtDef ExtDefList
    3           | /* empty */

    4 ExtDef: Specifier ExtDecList SEMI
    5       | Specifier SEMI
    6       | Specifier FunDec CompSt
    7       | Specifier error SEMI

    8 ExtDecList: VarDec
    9           | VarDec COMMA ExtDecList

   10 Specifier: TYPE
   11          | StructSpecifier

   12 StructSpecifier: STRUCT OptTag LC DefList RC
   13                | STRUCT Tag

   14 OptTag: ID
   15       | /* empty */

   16 Tag: ID

   17 VarDec: ID
   18       | VarDec LB INT RB

   19 FunDec: ID LP VarList RP
   20       | ID LP RP
   21       | ID error RP
   22       | ID LP error RP

   23 VarList: ParamDec COMMA VarList
   24        | ParamDec

   25 ParamDec: Specifier VarDec

   26 CompSt: LC DefList StmtList RC
   27       | LC DefList error RC

   28 StmtList: Stmt StmtList
   29         | /* empty */

   30 Stmt: Exp SEMI
   31     | CompSt
   32     | RETURN Exp SEMI
   33     | IF LP Exp RP Stmt
   34     | IF LP Exp RP Stmt ELSE Stmt
   35     | IF LP Exp RP error ELSE Stmt
   36     | WHILE LP Exp RP Stmt
   37     | IF LP error SEMI
   38     | WHILE LP error RP Stmt
   39     | error SEMI

   40 DefList: Def DefList
   41        | /* empty */

   42 Def: Specifier DecList SEMI
   43    | Specifier error SEMI

   44 DecList: Dec
   45        | Dec COMMA DecList

   46 Dec: VarDec
   47    | VarDec ASSIGNOP Exp

   48 Exp: Exp ASSIGNOP Exp
   49    | Exp AND Exp
   50    | Exp OR Exp
   51    | Exp RELOP Exp
   52    | Exp PLUS Exp
   53    | Exp MINUS Exp
   54    | Exp STAR Exp
   55    | Exp DIV Exp
   56    | LP Exp RP
   57    | MINUS Exp
   58    | NOT Exp
   59    | ID LP Args RP
   60    | ID LP RP
   61    | Exp LB Exp RB
   62    | Exp DOT ID
   63    | ID
   64    | INT
   65    | FLOAT
   66    | LP error RP
   67    | Exp LB error RB

   68 Args: Exp COMMA Args
   69     | Exp


Terminals, with rules where they appear

$end (0) 0
error (256) 7 21 22 27 35 37 38 39 43 66 67
INT (258) 18 64
FLOAT (259) 65
ID (260) 14 16 17 19 20 21 22 59 60 62 63
SEMI (261) 4 5 7 30 32 37 39 42 43
COMMA (262) 9 23 45 68
ASSIGNOP (263) 47 48
RELOP (264) 51
PLUS (265) 52
MINUS (266) 53 57
STAR (267) 54
DIV (268) 55
AND (269) 49
OR (270) 50
DOT (271) 62
NOT (272) 58
TYPE (273) 10
LP (274) 19 20 22 33 34 35 36 37 38 56 59 60 66
RP (275) 19 20 21 22 33 34 35 36 38 56 59 60 66
LB (276) 18 61 67
RB (277) 18 61 67
LC (278) 12 26 27
RC (279) 12 26 27
STRUCT (280) 12 13
RETURN (281) 32
IF (282) 33 34 35 37
ELSE (283) 34 35
WHILE (284) 36 38
LOWER_THAN_ELSE (285)


Nonterminals, with rules where they appear

$accept (31)
    on left: 0
Program (32)
    on left: 1, on right: 0
ExtDefList (33)
    on left: 2 3, on right: 1 2
ExtDef (34)
    on left: 4 5 6 7, on right: 2
ExtDecList (35)
    on left: 8 9, on right: 4 9
Specifier (36)
    on left: 10 11, on right: 4 5 6 7 25 42 43
StructSpecifier (37)
    on left: 12 13, on right: 11
OptTag (38)
    on left: 14 15, on right: 12
Tag (39)
    on left: 16, on right: 13
VarDec (40)
    on left: 17 18, on right: 8 9 18 25 46 47
FunDec (41)
    on left: 19 20 21 22, on right: 6
VarList (42)
    on left: 23 24, on right: 19 23
ParamDec (43)
    on left: 25, on right: 23 24
CompSt (44)
    on left: 26 27, on right: 6 31
StmtList (45)
    on left: 28 29, on right: 26 28
Stmt (46)
    on left: 30 31 32 33 34 35 36 37 38 39, on right: 28 33 34 35 36
    38
DefList (47)
    on left: 40 41, on right: 12 26 27 40
Def (48)
    on left: 42 43, on right: 40
DecList (49)
    on left: 44 45, on right: 42 45
Dec (50)
    on left: 46 47, on right: 44 45
Exp (51)
    on left: 48 49 50 51 52 53 54 55 56 57 58 59 60 61 62 63 64 65
    66 67, on right: 30 32 33 34 35 36 47 48 49 50 51 52 53 54 55 56
    57 58 61 62 67 68 69
Args (52)
    on left: 68 69, on right: 59 68


state 0

    0 $accept: . Program $end

    TYPE    shift, and go to state 1
    STRUCT  shift, and go to state 2

    $default  reduce using rule 3 (ExtDefList)

    Program          go to state 3
    ExtDefList       go to state 4
    ExtDef           go to state 5
    Specifier        go to state 6
    StructSpecifier  go to state 7


state 1

   10 Specifier: TYPE .

    $default  reduce using rule 10 (Specifier)


state 2

   12 StructSpecifier: STRUCT . OptTag LC DefList RC
   13                | STRUCT . Tag

    ID  shift, and go to state 8

    $default  reduce using rule 15 (OptTag)

    OptTag  go to state 9
    Tag     go to state 10


state 3

    0 $accept: Program . $end

    $end  shift, and go to state 11


state 4

    1 Program: ExtDefList .

    $default  reduce using rule 1 (Program)


state 5

    2 ExtDefList: ExtDef . ExtDefList

    TYPE    shift, and go to state 1
    STRUCT  shift, and go to state 2

    $default  reduce using rule 3 (ExtDefList)

    ExtDefList       go to state 12
    ExtDef           go to state 5
    Specifier        go to state 6
    StructSpecifier  go to state 7


state 6

    4 ExtDef: Specifier . ExtDecList SEMI
    5       | Specifier . SEMI
    6       | Specifier . FunDec CompSt
    7       | Specifier . error SEMI

    error  shift, and go to state 13
    ID     shift, and go to state 14
    SEMI   shift, and go to state 15

    ExtDecList  go to state 16
    VarDec      go to state 17
    FunDec      go to state 18


state 7

   11 Specifier: StructSpecifier .

    $default  reduce using rule 11 (Specifier)


state 8

   14 OptTag: ID .
   16 Tag: ID .

    LC        reduce using rule 14 (OptTag)
    $default  reduce using rule 16 (Tag)


state 9

   12 StructSpecifier: STRUCT OptTag . LC DefList RC

    LC  shift, and go to state 19


state 10

   13 StructSpecifier: STRUCT Tag .

    $default  reduce using rule 13 (StructSpecifier)


state 11

    0 $accept: Program $end .

    $default  accept


state 12

    2 ExtDefList: ExtDef ExtDefList .

    $default  reduce using rule 2 (ExtDefList)


state 13

    7 ExtDef: Specifier error . SEMI

    SEMI  shift, and go to state 20


state 14

   17 VarDec: ID .
   19 FunDec: ID . LP VarList RP
   20       | ID . LP RP
   21       | ID . error RP
   22       | ID . LP error RP

    error  shift, and go to state 21
    LP     shift, and go to state 22

    SEMI   reduce using rule 17 (VarDec)
    COMMA  reduce using rule 17 (VarDec)
    LB     reduce using rule 17 (VarDec)


state 15

    5 ExtDef: Specifier SEMI .

    $default  reduce using rule 5 (ExtDef)


state 16

    4 ExtDef: Specifier ExtDecList . SEMI

    SEMI  shift, and go to state 23


state 17

    8 ExtDecList: VarDec .
    9           | VarDec . COMMA ExtDecList
   18 VarDec: VarDec . LB INT RB

    COMMA  shift, and go to state 24
    LB     shift, and go to state 25

    $default  reduce using rule 8 (ExtDecList)


state 18

    6 ExtDef: Specifier FunDec . CompSt

    LC  shift, and go to state 26

    CompSt  go to state 27


state 19

   12 StructSpecifier: STRUCT OptTag LC . DefList RC

    TYPE    shift, and go to state 1
    STRUCT  shift, and go to state 2

    $default  reduce using rule 41 (DefList)

    Specifier        go to state 28
    StructSpecifier  go to state 7
    DefList          go to state 29
    Def              go to state 30


state 20

    7 ExtDef: Specifier error SEMI .

    $default  reduce using rule 7 (ExtDef)


state 21

   21 FunDec: ID error . RP

    RP  shift, and go to state 31


state 22

   19 FunDec: ID LP . VarList RP
   20       | ID LP . RP
   22       | ID LP . error RP

    error   shift, and go to state 32
    TYPE    shift, and go to state 1
    RP      shift, and go to state 33
    STRUCT  shift, and go to state 2

    Specifier        go to state 34
    StructSpecifier  go to state 7
    VarList          go to state 35
    ParamDec         go to state 36


state 23

    4 ExtDef: Specifier ExtDecList SEMI .

    $default  reduce using rule 4 (ExtDef)


state 24

    9 ExtDecList: VarDec COMMA . ExtDecList

    ID  shift, and go to state 37

    ExtDecList  go to state 38
    VarDec      go to state 17


state 25

   18 VarDec: VarDec LB . INT RB

    INT  shift, and go to state 39


state 26

   26 CompSt: LC . DefList StmtList RC
   27       | LC . DefList error RC

    TYPE    shift, and go to state 1
    STRUCT  shift, and go to state 2

    $default  reduce using rule 41 (DefList)

    Specifier        go to state 28
    StructSpecifier  go to state 7
    DefList          go to state 40
    Def              go to state 30


state 27

    6 ExtDef: Specifier FunDec CompSt .

    $default  reduce using rule 6 (ExtDef)


state 28

   42 Def: Specifier . DecList SEMI
   43    | Specifier . error SEMI

    error  shift, and go to state 41
    ID     shift, and go to state 37

    VarDec   go to state 42
    DecList  go to state 43
    Dec      go to state 44


state 29

   12 StructSpecifier: STRUCT OptTag LC DefList . RC

    RC  shift, and go to state 45


state 30

   40 DefList: Def . DefList

    TYPE    shift, and go to state 1
    STRUCT  shift, and go to state 2

    $default  reduce using rule 41 (DefList)

    Specifier        go to state 28
    StructSpecifier  go to state 7
    DefList          go to state 46
    Def              go to state 30


state 31

   21 FunDec: ID error RP .

    $default  reduce using rule 21 (FunDec)


state 32

   22 FunDec: ID LP error . RP

    RP  shift, and go to state 47


state 33

   20 FunDec: ID LP RP .

    $default  reduce using rule 20 (FunDec)


state 34

   25 ParamDec: Specifier . VarDec

    ID  shift, and go to state 37

    VarDec  go to state 48


state 35

   19 FunDec: ID LP VarList . RP

    RP  shift, and go to state 49


state 36

   23 VarList: ParamDec . COMMA VarList
   24        | ParamDec .

    COMMA  shift, and go to state 50

    $default  reduce using rule 24 (VarList)


state 37

   17 VarDec: ID .

    $default  reduce using rule 17 (VarDec)


state 38

    9 ExtDecList: VarDec COMMA ExtDecList .

    $default  reduce using rule 9 (ExtDecList)


state 39

   18 VarDec: VarDec LB INT . RB

    RB  shift, and go to state 51


state 40

   26 CompSt: LC DefList . StmtList RC
   27       | LC DefList . error RC

    error   shift, and go to state 52
    INT     shift, and go to state 53
    FLOAT   shift, and go to state 54
    ID      shift, and go to state 55
    MINUS   shift, and go to state 56
    NOT     shift, and go to state 57
    LP      shift, and go to state 58
    LC      shift, and go to state 26
    RETURN  shift, and go to state 59
    IF      shift, and go to state 60
    WHILE   shift, and go to state 61

    RC  reduce using rule 29 (StmtList)

    CompSt    go to state 62
    StmtList  go to state 63
    Stmt      go to state 64
    Exp       go to state 65


state 41

   43 Def: Specifier error . SEMI

    SEMI  shift, and go to state 66


state 42

   18 VarDec: VarDec . LB INT RB
   46 Dec: VarDec .
   47    | VarDec . ASSIGNOP Exp

    ASSIGNOP  shift, and go to state 67
    LB        shift, and go to state 25

    $default  reduce using rule 46 (Dec)


state 43

   42 Def: Specifier DecList . SEMI

    SEMI  shift, and go to state 68


state 44

   44 DecList: Dec .
   45        | Dec . COMMA DecList

    COMMA  shift, and go to state 69

    $default  reduce using rule 44 (DecList)


state 45

   12 StructSpecifier: STRUCT OptTag LC DefList RC .

    $default  reduce using rule 12 (StructSpecifier)


state 46

   40 DefList: Def DefList .

    $default  reduce using rule 40 (DefList)


state 47

   22 FunDec: ID LP error RP .

    $default  reduce using rule 22 (FunDec)


state 48

   18 VarDec: VarDec . LB INT RB
   25 ParamDec: Specifier VarDec .

    LB  shift, and go to state 25

    $default  reduce using rule 25 (ParamDec)


state 49

   19 FunDec: ID LP VarList RP .

    $default  reduce using rule 19 (FunDec)


state 50

   23 VarList: ParamDec COMMA . VarList

    TYPE    shift, and go to state 1
    STRUCT  shift, and go to state 2

    Specifier        go to state 34
    StructSpecifier  go to state 7
    VarList          go to state 70
    ParamDec         go to state 36


state 51

   18 VarDec: VarDec LB INT RB .

    $default  reduce using rule 18 (VarDec)


state 52

   27 CompSt: LC DefList error . RC
   39 Stmt: error . SEMI

    SEMI  shift, and go to state 71
    RC    shift, and go to state 72


state 53

   64 Exp: INT .

    $default  reduce using rule 64 (Exp)


state 54

   65 Exp: FLOAT .

    $default  reduce using rule 65 (Exp)


state 55

   59 Exp: ID . LP Args RP
   60    | ID . LP RP
   63    | ID .

    LP  shift, and go to state 73

    $default  reduce using rule 63 (Exp)


state 56

   57 Exp: MINUS . Exp

    INT    shift, and go to state 53
    FLOAT  shift, and go to state 54
    ID     shift, and go to state 55
    MINUS  shift, and go to state 56
    NOT    shift, and go to state 57
    LP     shift, and go to state 58

    Exp  go to state 74


state 57

   58 Exp: NOT . Exp

    INT    shift, and go to state 53
    FLOAT  shift, and go to state 54
    ID     shift, and go to state 55
    MINUS  shift, and go to state 56
    NOT    shift, and go to state 57
    LP     shift, and go to state 58

    Exp  go to state 75


state 58

   56 Exp: LP . Exp RP
   66    | LP . error RP

    error  shift, and go to state 76
    INT    shift, and go to state 53
    FLOAT  shift, and go to state 54
    ID     shift, and go to state 55
    MINUS  shift, and go to state 56
    NOT    shift, and go to state 57
    LP     shift, and go to state 58

    Exp  go to state 77


state 59

   32 Stmt: RETURN . Exp SEMI

    INT    shift, and go to state 53
    FLOAT  shift, and go to state 54
    ID     shift, and go to state 55
    MINUS  shift, and go to state 56
    NOT    shift, and go to state 57
    LP     shift, and go to state 58

    Exp  go to state 78


state 60

   33 Stmt: IF . LP Exp RP Stmt
   34     | IF . LP Exp RP Stmt ELSE Stmt
   35     | IF . LP Exp RP error ELSE Stmt
   37     | IF . LP error SEMI

    LP  shift, and go to state 79


state 61

   36 Stmt: WHILE . LP Exp RP Stmt
   38     | WHILE . LP error RP Stmt

    LP  shift, and go to state 80


state 62

   31 Stmt: CompSt .

    $default  reduce using rule 31 (Stmt)


state 63

   26 CompSt: LC DefList StmtList . RC

    RC  shift, and go to state 81


state 64

   28 StmtList: Stmt . StmtList

    error   shift, and go to state 82
    INT     shift, and go to state 53
    FLOAT   shift, and go to state 54
    ID      shift, and go to state 55
    MINUS   shift, and go to state 56
    NOT     shift, and go to state 57
    LP      shift, and go to state 58
    LC      shift, and go to state 26
    RETURN  shift, and go to state 59
    IF      shift, and go to state 60
    WHILE   shift, and go to state 61

    RC  reduce using rule 29 (StmtList)

    CompSt    go to state 62
    StmtList  go to state 83
    Stmt      go to state 64
    Exp       go to state 65


state 65

   30 Stmt: Exp . SEMI
   48 Exp: Exp . ASSIGNOP Exp
   49    | Exp . AND Exp
   50    | Exp . OR Exp
   51    | Exp . RELOP Exp
   52    | Exp . PLUS Exp
   53    | Exp . MINUS Exp
   54    | Exp . STAR Exp
   55    | Exp . DIV Exp
   61    | Exp . LB Exp RB
   62    | Exp . DOT ID
   67    | Exp . LB error RB

    SEMI      shift, and go to state 84
    ASSIGNOP  shift, and go to state 85
    RELOP     shift, and go to state 86
    PLUS      shift, and go to state 87
    MINUS     shift, and go to state 88
    STAR      shift, and go to state 89
    DIV       shift, and go to state 90
    AND       shift, and go to state 91
    OR        shift, and go to state 92
    DOT       shift, and go to state 93
    LB        shift, and go to state 94


state 66

   43 Def: Specifier error SEMI .

    $default  reduce using rule 43 (Def)


state 67

   47 Dec: VarDec ASSIGNOP . Exp

    INT    shift, and go to state 53
    FLOAT  shift, and go to state 54
    ID     shift, and go to state 55
    MINUS  shift, and go to state 56
    NOT    shift, and go to state 57
    LP     shift, and go to state 58

    Exp  go to state 95


state 68

   42 Def: Specifier DecList SEMI .

    $default  reduce using rule 42 (Def)


state 69

   45 DecList: Dec COMMA . DecList

    ID  shift, and go to state 37

    VarDec   go to state 42
    DecList  go to state 96
    Dec      go to state 44


state 70

   23 VarList: ParamDec COMMA VarList .

    $default  reduce using rule 23 (VarList)


state 71

   39 Stmt: error SEMI .

    $default  reduce using rule 39 (Stmt)


state 72

   27 CompSt: LC DefList error RC .

    $default  reduce using rule 27 (CompSt)


state 73

   59 Exp: ID LP . Args RP
   60    | ID LP . RP

    INT    shift, and go to state 53
    FLOAT  shift, and go to state 54
    ID     shift, and go to state 55
    MINUS  shift, and go to state 56
    NOT    shift, and go to state 57
    LP     shift, and go to state 58
    RP     shift, and go to state 97

    Exp   go to state 98
    Args  go to state 99


state 74

   48 Exp: Exp . ASSIGNOP Exp
   49    | Exp . AND Exp
   50    | Exp . OR Exp
   51    | Exp . RELOP Exp
   52    | Exp . PLUS Exp
   53    | Exp . MINUS Exp
   54    | Exp . STAR Exp
   55    | Exp . DIV Exp
   57    | MINUS Exp .
   61    | Exp . LB Exp RB
   62    | Exp . DOT ID
   67    | Exp . LB error RB

    STAR  shift, and go to state 89
    DIV   shift, and go to state 90
    DOT   shift, and go to state 93
    LB    shift, and go to state 94

    $default  reduce using rule 57 (Exp)


state 75

   48 Exp: Exp . ASSIGNOP Exp
   49    | Exp . AND Exp
   50    | Exp . OR Exp
   51    | Exp . RELOP Exp
   52    | Exp . PLUS Exp
   53    | Exp . MINUS Exp
   54    | Exp . STAR Exp
   55    | Exp . DIV Exp
   58    | NOT Exp .
   61    | Exp . LB Exp RB
   62    | Exp . DOT ID
   67    | Exp . LB error RB

    DOT  shift, and go to state 93
    LB   shift, and go to state 94

    $default  reduce using rule 58 (Exp)


state 76

   66 Exp: LP error . RP

    RP  shift, and go to state 100


state 77

   48 Exp: Exp . ASSIGNOP Exp
   49    | Exp . AND Exp
   50    | Exp . OR Exp
   51    | Exp . RELOP Exp
   52    | Exp . PLUS Exp
   53    | Exp . MINUS Exp
   54    | Exp . STAR Exp
   55    | Exp . DIV Exp
   56    | LP Exp . RP
   61    | Exp . LB Exp RB
   62    | Exp . DOT ID
   67    | Exp . LB error RB

    ASSIGNOP  shift, and go to state 85
    RELOP     shift, and go to state 86
    PLUS      shift, and go to state 87
    MINUS     shift, and go to state 88
    STAR      shift, and go to state 89
    DIV       shift, and go to state 90
    AND       shift, and go to state 91
    OR        shift, and go to state 92
    DOT       shift, and go to state 93
    RP        shift, and go to state 101
    LB        shift, and go to state 94


state 78

   32 Stmt: RETURN Exp . SEMI
   48 Exp: Exp . ASSIGNOP Exp
   49    | Exp . AND Exp
   50    | Exp . OR Exp
   51    | Exp . RELOP Exp
   52    | Exp . PLUS Exp
   53    | Exp . MINUS Exp
   54    | Exp . STAR Exp
   55    | Exp . DIV Exp
   61    | Exp . LB Exp RB
   62    | Exp . DOT ID
   67    | Exp . LB error RB

    SEMI      shift, and go to state 102
    ASSIGNOP  shift, and go to state 85
    RELOP     shift, and go to state 86
    PLUS      shift, and go to state 87
    MINUS     shift, and go to state 88
    STAR      shift, and go to state 89
    DIV       shift, and go to state 90
    AND       shift, and go to state 91
    OR        shift, and go to state 92
    DOT       shift, and go to state 93
    LB        shift, and go to state 94


state 79

   33 Stmt: IF LP . Exp RP Stmt
   34     | IF LP . Exp RP Stmt ELSE Stmt
   35     | IF LP . Exp RP error ELSE Stmt
   37     | IF LP . error SEMI

    error  shift, and go to state 103
    INT    shift, and go to state 53
    FLOAT  shift, and go to state 54
    ID     shift, and go to state 55
    MINUS  shift, and go to state 56
    NOT    shift, and go to state 57
    LP     shift, and go to state 58

    Exp  go to state 104


state 80

   36 Stmt: WHILE LP . Exp RP Stmt
   38     | WHILE LP . error RP Stmt

    error  shift, and go to state 105
    INT    shift, and go to state 53
    FLOAT  shift, and go to state 54
    ID     shift, and go to state 55
    MINUS  shift, and go to state 56
    NOT    shift, and go to state 57
    LP     shift, and go to state 58

    Exp  go to state 106


state 81

   26 CompSt: LC DefList StmtList RC .

    $default  reduce using rule 26 (CompSt)


state 82

   39 Stmt: error . SEMI

    SEMI  shift, and go to state 71


state 83

   28 StmtList: Stmt StmtList .

    $default  reduce using rule 28 (StmtList)


state 84

   30 Stmt: Exp SEMI .

    $default  reduce using rule 30 (Stmt)


state 85

   48 Exp: Exp ASSIGNOP . Exp

    INT    shift, and go to state 53
    FLOAT  shift, and go to state 54
    ID     shift, and go to state 55
    MINUS  shift, and go to state 56
    NOT    shift, and go to state 57
    LP     shift, and go to state 58

    Exp  go to state 107


state 86

   51 Exp: Exp RELOP . Exp

    INT    shift, and go to state 53
    FLOAT  shift, and go to state 54
    ID     shift, and go to state 55
    MINUS  shift, and go to state 56
    NOT    shift, and go to state 57
    LP     shift, and go to state 58

    Exp  go to state 108


state 87

   52 Exp: Exp PLUS . Exp

    INT    shift, and go to state 53
    FLOAT  shift, and go to state 54
    ID     shift, and go to state 55
    MINUS  shift, and go to state 56
    NOT    shift, and go to state 57
    LP     shift, and go to state 58

    Exp  go to state 109


state 88

   53 Exp: Exp MINUS . Exp

    INT    shift, and go to state 53
    FLOAT  shift, and go to state 54
    ID     shift, and go to state 55
    MINUS  shift, and go to state 56
    NOT    shift, and go to state 57
    LP     shift, and go to state 58

    Exp  go to state 110


state 89

   54 Exp: Exp STAR . Exp

    INT    shift, and go to state 53
    FLOAT  shift, and go to state 54
    ID     shift, and go to state 55
    MINUS  shift, and go to state 56
    NOT    shift, and go to state 57
    LP     shift, and go to state 58

    Exp  go to state 111


state 90

   55 Exp: Exp DIV . Exp

    INT    shift, and go to state 53
    FLOAT  shift, and go to state 54
    ID     shift, and go to state 55
    MINUS  shift, and go to state 56
    NOT    shift, and go to state 57
    LP     shift, and go to state 58

    Exp  go to state 112


state 91

   49 Exp: Exp AND . Exp

    INT    shift, and go to state 53
    FLOAT  shift, and go to state 54
    ID     shift, and go to state 55
    MINUS  shift, and go to state 56
    NOT    shift, and go to state 57
    LP     shift, and go to state 58

    Exp  go to state 113


state 92

   50 Exp: Exp OR . Exp

    INT    shift, and go to state 53
    FLOAT  shift, and go to state 54
    ID     shift, and go to state 55
    MINUS  shift, and go to state 56
    NOT    shift, and go to state 57
    LP     shift, and go to state 58

    Exp  go to state 114


state 93

   62 Exp: Exp DOT . ID

    ID  shift, and go to state 115


state 94

   61 Exp: Exp LB . Exp RB
   67    | Exp LB . error RB

    error  shift, and go to state 116
    INT    shift, and go to state 53
    FLOAT  shift, and go to state 54
    ID     shift, and go to state 55
    MINUS  shift, and go to state 56
    NOT    shift, and go to state 57
    LP     shift, and go to state 58

    Exp  go to state 117


state 95

   47 Dec: VarDec ASSIGNOP Exp .
   48 Exp: Exp . ASSIGNOP Exp
   49    | Exp . AND Exp
   50    | Exp . OR Exp
   51    | Exp . RELOP Exp
   52    | Exp . PLUS Exp
   53    | Exp . MINUS Exp
   54    | Exp . STAR Exp
   55    | Exp . DIV Exp
   61    | Exp . LB Exp RB
   62    | Exp . DOT ID
   67    | Exp . LB error RB

    ASSIGNOP  shift, and go to state 85
    RELOP     shift, and go to state 86
    PLUS      shift, and go to state 87
    MINUS     shift, and go to state 88
    STAR      shift, and go to state 89
    DIV       shift, and go to state 90
    AND       shift, and go to state 91
    OR        shift, and go to state 92
    DOT       shift, and go to state 93
    LB        shift, and go to state 94

    $default  reduce using rule 47 (Dec)


state 96

   45 DecList: Dec COMMA DecList .

    $default  reduce using rule 45 (DecList)


state 97

   60 Exp: ID LP RP .

    $default  reduce using rule 60 (Exp)


state 98

   48 Exp: Exp . ASSIGNOP Exp
   49    | Exp . AND Exp
   50    | Exp . OR Exp
   51    | Exp . RELOP Exp
   52    | Exp . PLUS Exp
   53    | Exp . MINUS Exp
   54    | Exp . STAR Exp
   55    | Exp . DIV Exp
   61    | Exp . LB Exp RB
   62    | Exp . DOT ID
   67    | Exp . LB error RB
   68 Args: Exp . COMMA Args
   69     | Exp .

    COMMA     shift, and go to state 118
    ASSIGNOP  shift, and go to state 85
    RELOP     shift, and go to state 86
    PLUS      shift, and go to state 87
    MINUS     shift, and go to state 88
    STAR      shift, and go to state 89
    DIV       shift, and go to state 90
    AND       shift, and go to state 91
    OR        shift, and go to state 92
    DOT       shift, and go to state 93
    LB        shift, and go to state 94

    $default  reduce using rule 69 (Args)


state 99

   59 Exp: ID LP Args . RP

    RP  shift, and go to state 119


state 100

   66 Exp: LP error RP .

    $default  reduce using rule 66 (Exp)


state 101

   56 Exp: LP Exp RP .

    $default  reduce using rule 56 (Exp)


state 102

   32 Stmt: RETURN Exp SEMI .

    $default  reduce using rule 32 (Stmt)


state 103

   37 Stmt: IF LP error . SEMI

    SEMI  shift, and go to state 120


state 104

   33 Stmt: IF LP Exp . RP Stmt
   34     | IF LP Exp . RP Stmt ELSE Stmt
   35     | IF LP Exp . RP error ELSE Stmt
   48 Exp: Exp . ASSIGNOP Exp
   49    | Exp . AND Exp
   50    | Exp . OR Exp
   51    | Exp . RELOP Exp
   52    | Exp . PLUS Exp
   53    | Exp . MINUS Exp
   54    | Exp . STAR Exp
   55    | Exp . DIV Exp
   61    | Exp . LB Exp RB
   62    | Exp . DOT ID
   67    | Exp . LB error RB

    ASSIGNOP  shift, and go to state 85
    RELOP     shift, and go to state 86
    PLUS      shift, and go to state 87
    MINUS     shift, and go to state 88
    STAR      shift, and go to state 89
    DIV       shift, and go to state 90
    AND       shift, and go to state 91
    OR        shift, and go to state 92
    DOT       shift, and go to state 93
    RP        shift, and go to state 121
    LB        shift, and go to state 94


state 105

   38 Stmt: WHILE LP error . RP Stmt

    RP  shift, and go to state 122


state 106

   36 Stmt: WHILE LP Exp . RP Stmt
   48 Exp: Exp . ASSIGNOP Exp
   49    | Exp . AND Exp
   50    | Exp . OR Exp
   51    | Exp . RELOP Exp
   52    | Exp . PLUS Exp
   53    | Exp . MINUS Exp
   54    | Exp . STAR Exp
   55    | Exp . DIV Exp
   61    | Exp . LB Exp RB
   62    | Exp . DOT ID
   67    | Exp . LB error RB

    ASSIGNOP  shift, and go to state 85
    RELOP     shift, and go to state 86
    PLUS      shift, and go to state 87
    MINUS     shift, and go to state 88
    STAR      shift, and go to state 89
    DIV       shift, and go to state 90
    AND       shift, and go to state 91
    OR        shift, and go to state 92
    DOT       shift, and go to state 93
    RP        shift, and go to state 123
    LB        shift, and go to state 94


state 107

   48 Exp: Exp . ASSIGNOP Exp
   48    | Exp ASSIGNOP Exp .
   49    | Exp . AND Exp
   50    | Exp . OR Exp
   51    | Exp . RELOP Exp
   52    | Exp . PLUS Exp
   53    | Exp . MINUS Exp
   54    | Exp . STAR Exp
   55    | Exp . DIV Exp
   61    | Exp . LB Exp RB
   62    | Exp . DOT ID
   67    | Exp . LB error RB

    ASSIGNOP  shift, and go to state 85
    RELOP     shift, and go to state 86
    PLUS      shift, and go to state 87
    MINUS     shift, and go to state 88
    STAR      shift, and go to state 89
    DIV       shift, and go to state 90
    AND       shift, and go to state 91
    OR        shift, and go to state 92
    DOT       shift, and go to state 93
    LB        shift, and go to state 94

    $default  reduce using rule 48 (Exp)


state 108

   48 Exp: Exp . ASSIGNOP Exp
   49    | Exp . AND Exp
   50    | Exp . OR Exp
   51    | Exp . RELOP Exp
   51    | Exp RELOP Exp .
   52    | Exp . PLUS Exp
   53    | Exp . MINUS Exp
   54    | Exp . STAR Exp
   55    | Exp . DIV Exp
   61    | Exp . LB Exp RB
   62    | Exp . DOT ID
   67    | Exp . LB error RB

    PLUS   shift, and go to state 87
    MINUS  shift, and go to state 88
    STAR   shift, and go to state 89
    DIV    shift, and go to state 90
    DOT    shift, and go to state 93
    LB     shift, and go to state 94

    $default  reduce using rule 51 (Exp)


state 109

   48 Exp: Exp . ASSIGNOP Exp
   49    | Exp . AND Exp
   50    | Exp . OR Exp
   51    | Exp . RELOP Exp
   52    | Exp . PLUS Exp
   52    | Exp PLUS Exp .
   53    | Exp . MINUS Exp
   54    | Exp . STAR Exp
   55    | Exp . DIV Exp
   61    | Exp . LB Exp RB
   62    | Exp . DOT ID
   67    | Exp . LB error RB

    STAR  shift, and go to state 89
    DIV   shift, and go to state 90
    DOT   shift, and go to state 93
    LB    shift, and go to state 94

    $default  reduce using rule 52 (Exp)


state 110

   48 Exp: Exp . ASSIGNOP Exp
   49    | Exp . AND Exp
   50    | Exp . OR Exp
   51    | Exp . RELOP Exp
   52    | Exp . PLUS Exp
   53    | Exp . MINUS Exp
   53    | Exp MINUS Exp .
   54    | Exp . STAR Exp
   55    | Exp . DIV Exp
   61    | Exp . LB Exp RB
   62    | Exp . DOT ID
   67    | Exp . LB error RB

    STAR  shift, and go to state 89
    DIV   shift, and go to state 90
    DOT   shift, and go to state 93
    LB    shift, and go to state 94

    $default  reduce using rule 53 (Exp)


state 111

   48 Exp: Exp . ASSIGNOP Exp
   49    | Exp . AND Exp
   50    | Exp . OR Exp
   51    | Exp . RELOP Exp
   52    | Exp . PLUS Exp
   53    | Exp . MINUS Exp
   54    | Exp . STAR Exp
   54    | Exp STAR Exp .
   55    | Exp . DIV Exp
   61    | Exp . LB Exp RB
   62    | Exp . DOT ID
   67    | Exp . LB error RB

    DOT  shift, and go to state 93
    LB   shift, and go to state 94

    $default  reduce using rule 54 (Exp)


state 112

   48 Exp: Exp . ASSIGNOP Exp
   49    | Exp . AND Exp
   50    | Exp . OR Exp
   51    | Exp . RELOP Exp
   52    | Exp . PLUS Exp
   53    | Exp . MINUS Exp
   54    | Exp . STAR Exp
   55    | Exp . DIV Exp
   55    | Exp DIV Exp .
   61    | Exp . LB Exp RB
   62    | Exp . DOT ID
   67    | Exp . LB error RB

    DOT  shift, and go to state 93
    LB   shift, and go to state 94

    $default  reduce using rule 55 (Exp)


state 113

   48 Exp: Exp . ASSIGNOP Exp
   49    | Exp . AND Exp
   49    | Exp AND Exp .
   50    | Exp . OR Exp
   51    | Exp . RELOP Exp
   52    | Exp . PLUS Exp
   53    | Exp . MINUS Exp
   54    | Exp . STAR Exp
   55    | Exp . DIV Exp
   61    | Exp . LB Exp RB
   62    | Exp . DOT ID
   67    | Exp . LB error RB

    RELOP  shift, and go to state 86
    PLUS   shift, and go to state 87
    MINUS  shift, and go to state 88
    STAR   shift, and go to state 89
    DIV    shift, and go to state 90
    DOT    shift, and go to state 93
    LB     shift, and go to state 94

    $default  reduce using rule 49 (Exp)


state 114

   48 Exp: Exp . ASSIGNOP Exp
   49    | Exp . AND Exp
   50    | Exp . OR Exp
   50    | Exp OR Exp .
   51    | Exp . RELOP Exp
   52    | Exp . PLUS Exp
   53    | Exp . MINUS Exp
   54    | Exp . STAR Exp
   55    | Exp . DIV Exp
   61    | Exp . LB Exp RB
   62    | Exp . DOT ID
   67    | Exp . LB error RB

    RELOP  shift, and go to state 86
    PLUS   shift, and go to state 87
    MINUS  shift, and go to state 88
    STAR   shift, and go to state 89
    DIV    shift, and go to state 90
    AND    shift, and go to state 91
    DOT    shift, and go to state 93
    LB     shift, and go to state 94

    $default  reduce using rule 50 (Exp)


state 115

   62 Exp: Exp DOT ID .

    $default  reduce using rule 62 (Exp)


state 116

   67 Exp: Exp LB error . RB

    RB  shift, and go to state 124


state 117

   48 Exp: Exp . ASSIGNOP Exp
   49    | Exp . AND Exp
   50    | Exp . OR Exp
   51    | Exp . RELOP Exp
   52    | Exp . PLUS Exp
   53    | Exp . MINUS Exp
   54    | Exp . STAR Exp
   55    | Exp . DIV Exp
   61    | Exp . LB Exp RB
   61    | Exp LB Exp . RB
   62    | Exp . DOT ID
   67    | Exp . LB error RB

    ASSIGNOP  shift, and go to state 85
    RELOP     shift, and go to state 86
    PLUS      shift, and go to state 87
    MINUS     shift, and go to state 88
    STAR      shift, and go to state 89
    DIV       shift, and go to state 90
    AND       shift, and go to state 91
    OR        shift, and go to state 92
    DOT       shift, and go to state 93
    LB        shift, and go to state 94
    RB        shift, and go to state 125


state 118

   68 Args: Exp COMMA . Args

    INT    shift, and go to state 53
    FLOAT  shift, and go to state 54
    ID     shift, and go to state 55
    MINUS  shift, and go to state 56
    NOT    shift, and go to state 57
    LP     shift, and go to state 58

    Exp   go to state 98
    Args  go to state 126


state 119

   59 Exp: ID LP Args RP .

    $default  reduce using rule 59 (Exp)


state 120

   37 Stmt: IF LP error SEMI .

    $default  reduce using rule 37 (Stmt)


state 121

   33 Stmt: IF LP Exp RP . Stmt
   34     | IF LP Exp RP . Stmt ELSE Stmt
   35     | IF LP Exp RP . error ELSE Stmt

    error   shift, and go to state 127
    INT     shift, and go to state 53
    FLOAT   shift, and go to state 54
    ID      shift, and go to state 55
    MINUS   shift, and go to state 56
    NOT     shift, and go to state 57
    LP      shift, and go to state 58
    LC      shift, and go to state 26
    RETURN  shift, and go to state 59
    IF      shift, and go to state 60
    WHILE   shift, and go to state 61

    CompSt  go to state 62
    Stmt    go to state 128
    Exp     go to state 65


state 122

   38 Stmt: WHILE LP error RP . Stmt

    error   shift, and go to state 82
    INT     shift, and go to state 53
    FLOAT   shift, and go to state 54
    ID      shift, and go to state 55
    MINUS   shift, and go to state 56
    NOT     shift, and go to state 57
    LP      shift, and go to state 58
    LC      shift, and go to state 26
    RETURN  shift, and go to state 59
    IF      shift, and go to state 60
    WHILE   shift, and go to state 61

    CompSt  go to state 62
    Stmt    go to state 129
    Exp     go to state 65


state 123

   36 Stmt: WHILE LP Exp RP . Stmt

    error   shift, and go to state 82
    INT     shift, and go to state 53
    FLOAT   shift, and go to state 54
    ID      shift, and go to state 55
    MINUS   shift, and go to state 56
    NOT     shift, and go to state 57
    LP      shift, and go to state 58
    LC      shift, and go to state 26
    RETURN  shift, and go to state 59
    IF      shift, and go to state 60
    WHILE   shift, and go to state 61

    CompSt  go to state 62
    Stmt    go to state 130
    Exp     go to state 65


state 124

   67 Exp: Exp LB error RB .

    $default  reduce using rule 67 (Exp)


state 125

   61 Exp: Exp LB Exp RB .

    $default  reduce using rule 61 (Exp)


state 126

   68 Args: Exp COMMA Args .

    $default  reduce using rule 68 (Args)


state 127

   35 Stmt: IF LP Exp RP error . ELSE Stmt
   39     | error . SEMI

    SEMI  shift, and go to state 71
    ELSE  shift, and go to state 131


state 128

   33 Stmt: IF LP Exp RP Stmt .
   34     | IF LP Exp RP Stmt . ELSE Stmt

    ELSE  shift, and go to state 132

    $default  reduce using rule 33 (Stmt)


state 129

   38 Stmt: WHILE LP error RP Stmt .

    $default  reduce using rule 38 (Stmt)


state 130

   36 Stmt: WHILE LP Exp RP Stmt .

    $default  reduce using rule 36 (Stmt)


state 131

   35 Stmt: IF LP Exp RP error ELSE . Stmt

    error   shift, and go to state 82
    INT     shift, and go to state 53
    FLOAT   shift, and go to state 54
    ID      shift, and go to state 55
    MINUS   shift, and go to state 56
    NOT     shift, and go to state 57
    LP      shift, and go to state 58
    LC      shift, and go to state 26
    RETURN  shift, and go to state 59
    IF      shift, and go to state 60
    WHILE   shift, and go to state 61

    CompSt  go to state 62
    Stmt    go to state 133
    Exp     go to state 65


state 132

   34 Stmt: IF LP Exp RP Stmt ELSE . Stmt

    error   shift, and go to state 82
    INT     shift, and go to state 53
    FLOAT   shift, and go to state 54
    ID      shift, and go to state 55
    MINUS   shift, and go to state 56
    NOT     shift, and go to state 57
    LP      shift, and go to state 58
    LC      shift, and go to state 26
    RETURN  shift, and go to state 59
    IF      shift, and go to state 60
    WHILE   shift, and go to state 61

    CompSt  go to state 62
    Stmt    go to state 134
    Exp     go to state 65


state 133

   35 Stmt: IF LP Exp RP error ELSE Stmt .

    $default  reduce using rule 35 (Stmt)


state 134

   34 Stmt: IF LP Exp RP Stmt ELSE Stmt .

    $default  reduce using rule 34 (Stmt)
